  rdrand.cpp
  cryptopp.vcxproj -> G:\project111\YiLingClient\solstice-master-solstice-master\build\deps\cryptopp-cm
  ake-master\cryptopp\Release\cryptopp.lib
  Building Custom Rule G:/project111/YiLingClient/solstice-master-solstice-master/deps/glm-1.0.1/glm/CM
  akeLists.txt
  glm.cpp
  glm.vcxproj -> G:\project111\YiLingClient\solstice-master-solstice-master\build\deps\glm-1.0.1\glm\Re
  lease\glm.lib
  Building Custom Rule G:/project111/YiLingClient/solstice-master-solstice-master/include/minhook/CMake
  Lists.txt
  buffer.cpp
  hook.cpp
  trampoline.cpp
  hde64.c
  minhook.vcxproj -> G:\project111\YiLingClient\solstice-master-solstice-master\build\include\minhook\R
  elease\minhook.x64.lib
  Building Custom Rule G:/project111/YiLingClient/solstice-master-solstice-master/include/Kiero/CMakeLi
  sts.txt
  正在扫描源以查找模块依赖项...
  kiero.cpp
  正在编译...
  kiero.cpp
  kiero.vcxproj -> G:\project111\YiLingClient\solstice-master-solstice-master\build\include\Kiero\Relea
  se\kiero.lib
  Building Custom Rule G:/project111/YiLingClient/solstice-master-solstice-master/include/libhat/CMakeL
  ists.txt
  Scanner.cpp
G:\project111\YiLingClient\solstice-master-solstice-master\include\libhat\include\libhat\Concepts.hpp(1
2,13): error C2061: 语法错误: 标识符“supplier” [G:\project111\YiLingClient\solstice-master-solstice-master\bui
ld\include\libhat\libhat.vcxproj]
  (编译源文件“../../../include/libhat/src/Scanner.cpp”)

G:\project111\YiLingClient\solstice-master-solstice-master\include\libhat\include\libhat\Concepts.hpp(1 
2,42): error C2143: 语法错误: 缺少“;”(在“{”的前面) [G:\project111\YiLingClient\solstice-master-solstice-master\bu
ild\include\libhat\libhat.vcxproj]
  (编译源文件“../../../include/libhat/src/Scanner.cpp”)

G:\project111\YiLingClient\solstice-master-solstice-master\include\libhat\include\libhat\Concepts.hpp(1 
2,42): error C2447: “{”: 缺少函数标题(是否是老式的形式表?) [G:\project111\YiLingClient\solstice-master-solstice-master
\build\include\libhat\libhat.vcxproj]
  (编译源文件“../../../include/libhat/src/Scanner.cpp”)

G:\project111\YiLingClient\solstice-master-solstice-master\include\libhat\include\libhat\Concepts.hpp(1 
7,13): error C2061: 语法错误: 标识符“function” [G:\project111\YiLingClient\solstice-master-solstice-master\bui
ld\include\libhat\libhat.vcxproj]
  (编译源文件“../../../include/libhat/src/Scanner.cpp”)

G:\project111\YiLingClient\solstice-master-solstice-master\include\libhat\include\libhat\Concepts.hpp(2 
0,13): error C2061: 语法错误: 标识符“reinterpret_as” [G:\project111\YiLingClient\solstice-master-solstice-mast
er\build\include\libhat\libhat.vcxproj]
  (编译源文件“../../../include/libhat/src/Scanner.cpp”)

G:\project111\YiLingClient\solstice-master-solstice-master\include\libhat\include\libhat\Concepts.hpp(2 
2,38): error C2039: "is_trivially_copyable_v<`template-type-parameter-2'>": 不是 "std" 的成员 [G:\project111
\YiLingClient\solstice-master-solstice-master\build\include\libhat\libhat.vcxproj]
  (编译源文件“../../../include/libhat/src/Scanner.cpp”)
      D:\vs\VC\Tools\MSVC\14.50.35717\include\iterator(20,1):
      参见“std”的声明

G:\project111\YiLingClient\solstice-master-solstice-master\include\libhat\include\libhat\Concepts.hpp(2 
3,38): error C2039: "is_trivially_constructible_v<`template-type-parameter-2'>": 不是 "std" 的成员 [G:\proje
ct111\YiLingClient\solstice-master-solstice-master\build\include\libhat\libhat.vcxproj]
  (编译源文件“../../../include/libhat/src/Scanner.cpp”)
      D:\vs\VC\Tools\MSVC\14.50.35717\include\iterator(20,1):
      参见“std”的声明

G:\project111\YiLingClient\solstice-master-solstice-master\include\libhat\include\libhat\Concepts.hpp(2 
6,13): error C2061: 语法错误: 标识符“byte_input_iterator” [G:\project111\YiLingClient\solstice-master-solstice
-master\build\include\libhat\libhat.vcxproj]
  (编译源文件“../../../include/libhat/src/Scanner.cpp”)

G:\project111\YiLingClient\solstice-master-solstice-master\include\libhat\include\libhat\Concepts.hpp(2 
6,40): error C2039: "input_iterator": 不是 "std" 的成员 [G:\project111\YiLingClient\solstice-master-solstice
-master\build\include\libhat\libhat.vcxproj]
  (编译源文件“../../../include/libhat/src/Scanner.cpp”)
      D:\vs\VC\Tools\MSVC\14.50.35717\include\iterator(20,1):
      参见“std”的声明

G:\project111\YiLingClient\solstice-master-solstice-master\include\libhat\include\libhat\Concepts.hpp(2 
7,37): error C2039: "forward_iterator": 不是 "std" 的成员 [G:\project111\YiLingClient\solstice-master-solsti
ce-master\build\include\libhat\libhat.vcxproj]
  (编译源文件“../../../include/libhat/src/Scanner.cpp”)
      D:\vs\VC\Tools\MSVC\14.50.35717\include\iterator(20,1):
      参见“std”的声明

G:\project111\YiLingClient\solstice-master-solstice-master\include\libhat\include\libhat\Concepts.hpp(2 
8,37): error C2039: "contiguous_iterator": 不是 "std" 的成员 [G:\project111\YiLingClient\solstice-master-sol
stice-master\build\include\libhat\libhat.vcxproj]
  (编译源文件“../../../include/libhat/src/Scanner.cpp”)
      D:\vs\VC\Tools\MSVC\14.50.35717\include\iterator(20,1):
      参见“std”的声明

G:\project111\YiLingClient\solstice-master-solstice-master\include\libhat\include\libhat\Concepts.hpp(2 
9,37): error C2039: "same_as": 不是 "std" 的成员 [G:\project111\YiLingClient\solstice-master-solstice-master
\build\include\libhat\libhat.vcxproj]
  (编译源文件“../../../include/libhat/src/Scanner.cpp”)
      D:\vs\VC\Tools\MSVC\14.50.35717\include\iterator(20,1):
      参见“std”的声明

G:\project111\YiLingClient\solstice-master-solstice-master\include\libhat\include\libhat\Concepts.hpp(2 
9,50): error C2039: "iter_value_t": 不是 "std" 的成员 [G:\project111\YiLingClient\solstice-master-solstice-m
aster\build\include\libhat\libhat.vcxproj]
  (编译源文件“../../../include/libhat/src/Scanner.cpp”)
      D:\vs\VC\Tools\MSVC\14.50.35717\include\iterator(20,1):
      参见“std”的声明

G:\project111\YiLingClient\solstice-master-solstice-master\include\libhat\include\libhat\Concepts.hpp(3 
2,13): error C2061: 语法错误: 标识符“byte_input_range” [G:\project111\YiLingClient\solstice-master-solstice-ma
ster\build\include\libhat\libhat.vcxproj]
  (编译源文件“../../../include/libhat/src/Scanner.cpp”)

G:\project111\YiLingClient\solstice-master-solstice-master\include\libhat\include\libhat\Concepts.hpp(3 
2,37): error C3083: “ranges”:“::”左侧的符号必须是一种类型 [G:\project111\YiLingClient\solstice-master-solstice-mast
er\build\include\libhat\libhat.vcxproj]
  (编译源文件“../../../include/libhat/src/Scanner.cpp”)

G:\project111\YiLingClient\solstice-master-solstice-master\include\libhat\include\libhat\Concepts.hpp(3 
2,45): error C2039: "input_range": 不是 "std" 的成员 [G:\project111\YiLingClient\solstice-master-solstice-ma
ster\build\include\libhat\libhat.vcxproj]
  (编译源文件“../../../include/libhat/src/Scanner.cpp”)
      D:\vs\VC\Tools\MSVC\14.50.35717\include\iterator(20,1):
      参见“std”的声明

G:\project111\YiLingClient\solstice-master-solstice-master\include\libhat\include\libhat\Concepts.hpp(3 
3,37): error C3083: “ranges”:“::”左侧的符号必须是一种类型 [G:\project111\YiLingClient\solstice-master-solstice-mast
er\build\include\libhat\libhat.vcxproj]
  (编译源文件“../../../include/libhat/src/Scanner.cpp”)

G:\project111\YiLingClient\solstice-master-solstice-master\include\libhat\include\libhat\Concepts.hpp(3 
3,45): error C2039: "contiguous_range": 不是 "std" 的成员 [G:\project111\YiLingClient\solstice-master-solsti
ce-master\build\include\libhat\libhat.vcxproj]
  (编译源文件“../../../include/libhat/src/Scanner.cpp”)
      D:\vs\VC\Tools\MSVC\14.50.35717\include\iterator(20,1):
      参见“std”的声明

G:\project111\YiLingClient\solstice-master-solstice-master\include\libhat\include\libhat\Concepts.hpp(3 
4,37): error C3083: “ranges”:“::”左侧的符号必须是一种类型 [G:\project111\YiLingClient\solstice-master-solstice-mast
er\build\include\libhat\libhat.vcxproj]
  (编译源文件“../../../include/libhat/src/Scanner.cpp”)

G:\project111\YiLingClient\solstice-master-solstice-master\include\libhat\include\libhat\Concepts.hpp(3 
4,45): error C2039: "sized_range": 不是 "std" 的成员 [G:\project111\YiLingClient\solstice-master-solstice-ma
ster\build\include\libhat\libhat.vcxproj]
  (编译源文件“../../../include/libhat/src/Scanner.cpp”)
      D:\vs\VC\Tools\MSVC\14.50.35717\include\iterator(20,1):
      参见“std”的声明

G:\project111\YiLingClient\solstice-master-solstice-master\include\libhat\include\libhat\Concepts.hpp(3 
5,37): error C2039: "same_as": 不是 "std" 的成员 [G:\project111\YiLingClient\solstice-master-solstice-master
\build\include\libhat\libhat.vcxproj]
  (编译源文件“../../../include/libhat/src/Scanner.cpp”)
      D:\vs\VC\Tools\MSVC\14.50.35717\include\iterator(20,1):
      参见“std”的声明

G:\project111\YiLingClient\solstice-master-solstice-master\include\libhat\include\libhat\Concepts.hpp(3 
5,50): error C3083: “ranges”:“::”左侧的符号必须是一种类型 [G:\project111\YiLingClient\solstice-master-solstice-mast
er\build\include\libhat\libhat.vcxproj]
  (编译源文件“../../../include/libhat/src/Scanner.cpp”)

G:\project111\YiLingClient\solstice-master-solstice-master\include\libhat\include\libhat\Concepts.hpp(3 
5,58): error C2039: "range_value_t": 不是 "std" 的成员 [G:\project111\YiLingClient\solstice-master-solstice-
master\build\include\libhat\libhat.vcxproj]
  (编译源文件“../../../include/libhat/src/Scanner.cpp”)
      D:\vs\VC\Tools\MSVC\14.50.35717\include\iterator(20,1):
      参见“std”的声明

G:\project111\YiLingClient\solstice-master-solstice-master\include\libhat\include\libhat\Concepts.hpp(3 
8,13): error C2061: 语法错误: 标识符“char_iterator” [G:\project111\YiLingClient\solstice-master-solstice-maste
r\build\include\libhat\libhat.vcxproj]
  (编译源文件“../../../include/libhat/src/Scanner.cpp”)

G:\project111\YiLingClient\solstice-master-solstice-master\include\libhat\include\libhat\Concepts.hpp(3 
8,49): error C2039: "iter_value_t": 不是 "std" 的成员 [G:\project111\YiLingClient\solstice-master-solstice-m
aster\build\include\libhat\libhat.vcxproj]
  (编译源文件“../../../include/libhat/src/Scanner.cpp”)
      D:\vs\VC\Tools\MSVC\14.50.35717\include\iterator(20,1):
      参见“std”的声明

G:\project111\YiLingClient\solstice-master-solstice-master\include\libhat\include\libhat\Concepts.hpp(3 
8,49): error C2065: “iter_value_t”: 未声明的标识符 [G:\project111\YiLingClient\solstice-master-solstice-master
\build\include\libhat\libhat.vcxproj]
  (编译源文件“../../../include/libhat/src/Scanner.cpp”)

G:\project111\YiLingClient\solstice-master-solstice-master\include\libhat\include\libhat\Concepts.hpp(3 
8,34): error C2974: “std::is_same_v”:“<unnamed-symbol>”的 模板 参数无效，应为类型 [G:\project111\YiLingClient\solst
ice-master-solstice-master\build\include\libhat\libhat.vcxproj]
  (编译源文件“../../../include/libhat/src/Scanner.cpp”)
      D:\vs\VC\Tools\MSVC\14.50.35717\include\xtr1common(79,16):
      参见“std::is_same_v”的声明

G:\project111\YiLingClient\solstice-master-solstice-master\include\libhat\include\libhat\Concepts.hpp(3 
8,34): error C2976: “std::is_same_v'”: 模板 参数太少 [G:\project111\YiLingClient\solstice-master-solstice-mas
ter\build\include\libhat\libhat.vcxproj]
  (编译源文件“../../../include/libhat/src/Scanner.cpp”)
      D:\vs\VC\Tools\MSVC\14.50.35717\include\xtr1common(79,16):
      参见“std::is_same_v”的声明

G:\project111\YiLingClient\solstice-master-solstice-master\include\libhat\include\libhat\Defines.hpp(21 
,30): error C2065: “offset”: 未声明的标识符 [G:\project111\YiLingClient\solstice-master-solstice-master\build\
include\libhat\libhat.vcxproj]
  (编译源文件“../../../include/libhat/src/Scanner.cpp”)

G:\project111\YiLingClient\solstice-master-solstice-master\include\libhat\include\libhat\Defines.hpp(22 
,20): error C2065: “offset”: 未声明的标识符 [G:\project111\YiLingClient\solstice-master-solstice-master\build\
include\libhat\libhat.vcxproj]
  (编译源文件“../../../include/libhat/src/Scanner.cpp”)

G:\project111\YiLingClient\solstice-master-solstice-master\include\libhat\include\libhat\Process.hpp(20 
,28): error C2039: "span": 不是 "std" 的成员 [G:\project111\YiLingClient\solstice-master-solstice-master\bui
ld\include\libhat\libhat.vcxproj]
  (编译源文件“../../../include/libhat/src/Scanner.cpp”)
      D:\vs\VC\Tools\MSVC\14.50.35717\include\optional(30,1):
      参见“std”的声明

G:\project111\YiLingClient\solstice-master-solstice-master\include\libhat\include\libhat\Process.hpp(20 
,32): error C2143: 语法错误: 缺少“;”(在“<”的前面) [G:\project111\YiLingClient\solstice-master-solstice-master\bui
ld\include\libhat\libhat.vcxproj]
  (编译源文件“../../../include/libhat/src/Scanner.cpp”)

G:\project111\YiLingClient\solstice-master-solstice-master\include\libhat\include\libhat\Process.hpp(20 
,28): error C4430: 缺少类型说明符 - 假定为 int。注意: C++ 不支持默认 int [G:\project111\YiLingClient\solstice-master-sols
tice-master\build\include\libhat\libhat.vcxproj]
  (编译源文件“../../../include/libhat/src/Scanner.cpp”)

G:\project111\YiLingClient\solstice-master-solstice-master\include\libhat\include\libhat\Process.hpp(20 
,67): error C2238: 意外的标记位于“;”之前 [G:\project111\YiLingClient\solstice-master-solstice-master\build\inclu
de\libhat\libhat.vcxproj]
  (编译源文件“../../../include/libhat/src/Scanner.cpp”)

G:\project111\YiLingClient\solstice-master-solstice-master\include\libhat\include\libhat\Process.hpp(23 
,28): error C2039: "span": 不是 "std" 的成员 [G:\project111\YiLingClient\solstice-master-solstice-master\bui
ld\include\libhat\libhat.vcxproj]
  (编译源文件“../../../include/libhat/src/Scanner.cpp”)
      D:\vs\VC\Tools\MSVC\14.50.35717\include\optional(30,1):
      参见“std”的声明

G:\project111\YiLingClient\solstice-master-solstice-master\include\libhat\include\libhat\Process.hpp(23 
,32): error C2143: 语法错误: 缺少“;”(在“<”的前面) [G:\project111\YiLingClient\solstice-master-solstice-master\bui
ld\include\libhat\libhat.vcxproj]
  (编译源文件“../../../include/libhat/src/Scanner.cpp”)

G:\project111\YiLingClient\solstice-master-solstice-master\include\libhat\include\libhat\Process.hpp(23 
,28): error C4430: 缺少类型说明符 - 假定为 int。注意: C++ 不支持默认 int [G:\project111\YiLingClient\solstice-master-sols
tice-master\build\include\libhat\libhat.vcxproj]
  (编译源文件“../../../include/libhat/src/Scanner.cpp”)

G:\project111\YiLingClient\solstice-master-solstice-master\include\libhat\include\libhat\Process.hpp(23 
,89): error C2238: 意外的标记位于“;”之前 [G:\project111\YiLingClient\solstice-master-solstice-master\build\inclu
de\libhat\libhat.vcxproj]
  (编译源文件“../../../include/libhat/src/Scanner.cpp”)

G:\project111\YiLingClient\solstice-master-solstice-master\include\libhat\include\libhat\Process.hpp(36 
,41): error C2039: "span": 不是 "std" 的成员 [G:\project111\YiLingClient\solstice-master-solstice-master\bui
ld\include\libhat\libhat.vcxproj]
  (编译源文件“../../../include/libhat/src/Scanner.cpp”)
      D:\vs\VC\Tools\MSVC\14.50.35717\include\optional(30,1):
      参见“std”的声明

G:\project111\YiLingClient\solstice-master-solstice-master\include\libhat\include\libhat\Process.hpp(36 
,41): error C2065: “span”: 未声明的标识符 [G:\project111\YiLingClient\solstice-master-solstice-master\build\in
clude\libhat\libhat.vcxproj]
  (编译源文件“../../../include/libhat/src/Scanner.cpp”)

G:\project111\YiLingClient\solstice-master-solstice-master\include\libhat\include\libhat\Process.hpp(36 
,46): error C2059: 语法错误:“const” [G:\project111\YiLingClient\solstice-master-solstice-master\build\inclu
de\libhat\libhat.vcxproj]
  (编译源文件“../../../include/libhat/src/Scanner.cpp”)

G:\project111\YiLingClient\solstice-master-solstice-master\include\libhat\include\libhat\Process.hpp(36 
,70): error C3837: 不可在此上下文中使用属性 [G:\project111\YiLingClient\solstice-master-solstice-master\build\inclu
de\libhat\libhat.vcxproj]
  (编译源文件“../../../include/libhat/src/Scanner.cpp”)

G:\project111\YiLingClient\solstice-master-solstice-master\include\libhat\include\libhat\Process.hpp(39 
,41): error C2039: "span": 不是 "std" 的成员 [G:\project111\YiLingClient\solstice-master-solstice-master\bui
ld\include\libhat\libhat.vcxproj]
  (编译源文件“../../../include/libhat/src/Scanner.cpp”)
      D:\vs\VC\Tools\MSVC\14.50.35717\include\optional(30,1):
      参见“std”的声明

G:\project111\YiLingClient\solstice-master-solstice-master\include\libhat\include\libhat\Process.hpp(39 
,41): error C2065: “span”: 未声明的标识符 [G:\project111\YiLingClient\solstice-master-solstice-master\build\in
clude\libhat\libhat.vcxproj]
  (编译源文件“../../../include/libhat/src/Scanner.cpp”)

G:\project111\YiLingClient\solstice-master-solstice-master\include\libhat\include\libhat\Process.hpp(39 
,46): error C2059: 语法错误:“const” [G:\project111\YiLingClient\solstice-master-solstice-master\build\inclu
de\libhat\libhat.vcxproj]
  (编译源文件“../../../include/libhat/src/Scanner.cpp”)

G:\project111\YiLingClient\solstice-master-solstice-master\include\libhat\include\libhat\Process.hpp(39 
,70): error C3837: 不可在此上下文中使用属性 [G:\project111\YiLingClient\solstice-master-solstice-master\build\inclu
de\libhat\libhat.vcxproj]
  (编译源文件“../../../include/libhat/src/Scanner.cpp”)

D:\vs\VC\Tools\MSVC\14.50.35717\include\concepts(12): warning STL4038: The contents of <concepts> are a 
vailable only with C++20 or later. [G:\project111\YiLingClient\solstice-master-solstice-master\build\in 
clude\libhat\libhat.vcxproj]
D:\vs\VC\Tools\MSVC\14.50.35717\include\ranges(11): warning STL4038: The contents of <ranges> are avail 
able only with C++20 or later. [G:\project111\YiLingClient\solstice-master-solstice-master\build\includ 
e\libhat\libhat.vcxproj]
D:\vs\VC\Tools\MSVC\14.50.35717\include\span(12): warning STL4038: The contents of <span> are available 
 only with C++20 or later. [G:\project111\YiLingClient\solstice-master-solstice-master\build\include\li 
bhat\libhat.vcxproj]
D:\vs\VC\Tools\MSVC\14.50.35717\include\bit(11): warning STL4038: The contents of <bit> are available o 
nly with C++20 or later. [G:\project111\YiLingClient\solstice-master-solstice-master\build\include\libh 
at\libhat.vcxproj]
G:\project111\YiLingClient\solstice-master-solstice-master\include\libhat\include\libhat\CompileTime.hp
p(16,19): error C2039: "integral": 不是 "std" 的成员 [G:\project111\YiLingClient\solstice-master-solstice-ma
ster\build\include\libhat\libhat.vcxproj]
  (编译源文件“../../../include/libhat/src/Scanner.cpp”)
      D:\vs\VC\Tools\MSVC\14.50.35717\include\variant(31,1):
      参见“std”的声明

G:\project111\YiLingClient\solstice-master-solstice-master\include\libhat\include\libhat\CompileTime.hp
p(16,19): error C2061: 语法错误: 标识符“integral” [G:\project111\YiLingClient\solstice-master-solstice-master\
build\include\libhat\libhat.vcxproj]
  (编译源文件“../../../include/libhat/src/Scanner.cpp”)

G:\project111\YiLingClient\solstice-master-solstice-master\include\libhat\include\libhat\CompileTime.hp 
p(17,36): error C2065: “Integer”: 未声明的标识符 [G:\project111\YiLingClient\solstice-master-solstice-master\b
uild\include\libhat\libhat.vcxproj]
  (编译源文件“../../../include/libhat/src/Scanner.cpp”)

G:\project111\YiLingClient\solstice-master-solstice-master\include\libhat\include\libhat\CompileTime.hp 
p(17,29): error C2923: "hat::result": "Integer" 不是参数 "T" 的有效 模板 类型参数 [G:\project111\YiLingClient\solsti
ce-master-solstice-master\build\include\libhat\libhat.vcxproj]
  (编译源文件“../../../include/libhat/src/Scanner.cpp”)
      G:\project111\YiLingClient\solstice-master-solstice-master\include\libhat\include\libhat\CompileT 
  ime.hpp(17,36):
      参见“Integer”的声明

G:\project111\YiLingClient\solstice-master-solstice-master\include\libhat\include\libhat\CompileTime.hp 
p(17,72): error C2065: “Iter”: 未声明的标识符 [G:\project111\YiLingClient\solstice-master-solstice-master\buil
d\include\libhat\libhat.vcxproj]
  (编译源文件“../../../include/libhat/src/Scanner.cpp”)

G:\project111\YiLingClient\solstice-master-solstice-master\include\libhat\include\libhat\CompileTime.hp 
p(17,77): error C2146: 语法错误: 缺少“)”(在标识符“begin”的前面) [G:\project111\YiLingClient\solstice-master-solstice
-master\build\include\libhat\libhat.vcxproj]
  (编译源文件“../../../include/libhat/src/Scanner.cpp”)

G:\project111\YiLingClient\solstice-master-solstice-master\include\libhat\include\libhat\CompileTime.hp 
p(17,122): error C2143: 语法错误: 缺少“;”(在“{”的前面) [G:\project111\YiLingClient\solstice-master-solstice-maste
r\build\include\libhat\libhat.vcxproj]
  (编译源文件“../../../include/libhat/src/Scanner.cpp”)

G:\project111\YiLingClient\solstice-master-solstice-master\include\libhat\include\libhat\CompileTime.hp 
p(17,122): error C2447: “{”: 缺少函数标题(是否是老式的形式表?) [G:\project111\YiLingClient\solstice-master-solstice-ma
ster\build\include\libhat\libhat.vcxproj]
  (编译源文件“../../../include/libhat/src/Scanner.cpp”)

G:\project111\YiLingClient\solstice-master-solstice-master\include\libhat\include\libhat\FixedString.hp 
p(176,5): error C2065: “char8_t”: 未声明的标识符 [G:\project111\YiLingClient\solstice-master-solstice-master\b
uild\include\libhat\libhat.vcxproj]
  (编译源文件“../../../include/libhat/src/Scanner.cpp”)
      G:\project111\YiLingClient\solstice-master-solstice-master\include\libhat\include\libhat\FixedStr 
  ing.hpp(176,5):
      模板实例化上下文(最早的实例化上下文)为
          G:\project111\YiLingClient\solstice-master-solstice-master\include\libhat\include\libhat\Fixe 
  dString.hpp(176,5):
          在编译类模板“hat::u8fixed_string”时

G:\project111\YiLingClient\solstice-master-solstice-master\include\libhat\include\libhat\FixedString.hp 
p(176,5): error C2923: "hat::basic_fixed_string": "char8_t" 不是参数 "Char" 的有效 模板 类型参数 [G:\project111\YiLi
ngClient\solstice-master-solstice-master\build\include\libhat\libhat.vcxproj]
  (编译源文件“../../../include/libhat/src/Scanner.cpp”)
      G:\project111\YiLingClient\solstice-master-solstice-master\include\libhat\include\libhat\FixedStr 
  ing.hpp(176,5):
      参见“char8_t”的声明

G:\project111\YiLingClient\solstice-master-solstice-master\include\libhat\include\libhat\FixedString.hp 
p(176,5): error C2955: “hat::basic_fixed_string”: 使用 类 模板 需要 模板 参数列表 [G:\project111\YiLingClient\solsti
ce-master-solstice-master\build\include\libhat\libhat.vcxproj]
  (编译源文件“../../../include/libhat/src/Scanner.cpp”)
      G:\project111\YiLingClient\solstice-master-solstice-master\include\libhat\include\libhat\FixedStr 
  ing.hpp(10,12):
      参见“hat::basic_fixed_string”的声明

G:\project111\YiLingClient\solstice-master-solstice-master\include\libhat\include\libhat\FixedString.hp 
p(176,5): error C4430: 缺少类型说明符 - 假定为 int。注意: C++ 不支持默认 int [G:\project111\YiLingClient\solstice-master-
solstice-master\build\include\libhat\libhat.vcxproj]
  (编译源文件“../../../include/libhat/src/Scanner.cpp”)

G:\project111\YiLingClient\solstice-master-solstice-master\include\libhat\include\libhat\FixedString.hp 
p(176,5): error C2988: 不可识别的模板声明/定义 [G:\project111\YiLingClient\solstice-master-solstice-master\build\i
nclude\libhat\libhat.vcxproj]
  (编译源文件“../../../include/libhat/src/Scanner.cpp”)

G:\project111\YiLingClient\solstice-master-solstice-master\include\libhat\include\libhat\FixedString.hp 
p(176,5): error C2143: 语法错误: 缺少“)”(在“(”的前面) [G:\project111\YiLingClient\solstice-master-solstice-master
\build\include\libhat\libhat.vcxproj]
  (编译源文件“../../../include/libhat/src/Scanner.cpp”)

G:\project111\YiLingClient\solstice-master-solstice-master\include\libhat\include\libhat\FixedString.hp 
p(176,5): error C2059: 语法错误:“(” [G:\project111\YiLingClient\solstice-master-solstice-master\build\inclu
de\libhat\libhat.vcxproj]
  (编译源文件“../../../include/libhat/src/Scanner.cpp”)

G:\project111\YiLingClient\solstice-master-solstice-master\include\libhat\include\libhat\FixedString.hp 
p(176,5): error C2059: 语法错误:“)” [G:\project111\YiLingClient\solstice-master-solstice-master\build\inclu
de\libhat\libhat.vcxproj]
  (编译源文件“../../../include/libhat/src/Scanner.cpp”)

G:\project111\YiLingClient\solstice-master-solstice-master\include\libhat\include\libhat\FixedString.hp 
p(176,5): error C2143: 语法错误: 缺少“;”(在“{”的前面) [G:\project111\YiLingClient\solstice-master-solstice-master
\build\include\libhat\libhat.vcxproj]
  (编译源文件“../../../include/libhat/src/Scanner.cpp”)

G:\project111\YiLingClient\solstice-master-solstice-master\include\libhat\include\libhat\FixedString.hp 
p(176,5): error C2447: “{”: 缺少函数标题(是否是老式的形式表?) [G:\project111\YiLingClient\solstice-master-solstice-mas
ter\build\include\libhat\libhat.vcxproj]
  (编译源文件“../../../include/libhat/src/Scanner.cpp”)

G:\project111\YiLingClient\solstice-master-solstice-master\include\libhat\include\libhat\Signature.hpp( 
55,33): error C2039: "span": 不是 "std" 的成员 [G:\project111\YiLingClient\solstice-master-solstice-master\b
uild\include\libhat\libhat.vcxproj]
  (编译源文件“../../../include/libhat/src/Scanner.cpp”)
      D:\vs\VC\Tools\MSVC\14.50.35717\include\string(23,1):
      参见“std”的声明

G:\project111\YiLingClient\solstice-master-solstice-master\include\libhat\include\libhat\Signature.hpp( 
55,33): error C2061: 语法错误: 标识符“span” [G:\project111\YiLingClient\solstice-master-solstice-master\build\
include\libhat\libhat.vcxproj]
  (编译源文件“../../../include/libhat/src/Scanner.cpp”)

G:\project111\YiLingClient\solstice-master-solstice-master\include\libhat\include\libhat\Signature.hpp( 
61,63): error C2039: "span": 不是 "std" 的成员 [G:\project111\YiLingClient\solstice-master-solstice-master\b
uild\include\libhat\libhat.vcxproj]
  (编译源文件“../../../include/libhat/src/Scanner.cpp”)
      D:\vs\VC\Tools\MSVC\14.50.35717\include\string(23,1):
      参见“std”的声明

G:\project111\YiLingClient\solstice-master-solstice-master\include\libhat\include\libhat\Signature.hpp( 
61,63): error C2065: “span”: 未声明的标识符 [G:\project111\YiLingClient\solstice-master-solstice-master\build\
include\libhat\libhat.vcxproj]
  (编译源文件“../../../include/libhat/src/Scanner.cpp”)

G:\project111\YiLingClient\solstice-master-solstice-master\include\libhat\include\libhat\Signature.hpp( 
61,68): error C2059: 语法错误:“const” [G:\project111\YiLingClient\solstice-master-solstice-master\build\inc
lude\libhat\libhat.vcxproj]
  (编译源文件“../../../include/libhat/src/Scanner.cpp”)

G:\project111\YiLingClient\solstice-master-solstice-master\include\libhat\include\libhat\Signature.hpp( 
61,92): error C2143: 语法错误: 缺少“;”(在“{”的前面) [G:\project111\YiLingClient\solstice-master-solstice-master\b
uild\include\libhat\libhat.vcxproj]
  (编译源文件“../../../include/libhat/src/Scanner.cpp”)

G:\project111\YiLingClient\solstice-master-solstice-master\include\libhat\include\libhat\Signature.hpp( 
61,92): error C3837: 不可在此上下文中使用属性 [G:\project111\YiLingClient\solstice-master-solstice-master\build\inc
lude\libhat\libhat.vcxproj]
  (编译源文件“../../../include/libhat/src/Scanner.cpp”)

G:\project111\YiLingClient\solstice-master-solstice-master\include\libhat\include\libhat\Signature.hpp( 
61,92): error C2447: “{”: 缺少函数标题(是否是老式的形式表?) [G:\project111\YiLingClient\solstice-master-solstice-maste
r\build\include\libhat\libhat.vcxproj]
  (编译源文件“../../../include/libhat/src/Scanner.cpp”)

G:\project111\YiLingClient\solstice-master-solstice-master\include\libhat\include\libhat\Signature.hpp(
96,44): error C3083: “views”:“::”左侧的符号必须是一种类型 [G:\project111\YiLingClient\solstice-master-solstice-mast
er\build\include\libhat\libhat.vcxproj]
  (编译源文件“../../../include/libhat/src/Scanner.cpp”)

G:\project111\YiLingClient\solstice-master-solstice-master\include\libhat\include\libhat\Signature.hpp( 
96,51): error C2039: "split": 不是 "std" 的成员 [G:\project111\YiLingClient\solstice-master-solstice-master\
build\include\libhat\libhat.vcxproj]
  (编译源文件“../../../include/libhat/src/Scanner.cpp”)
      D:\vs\VC\Tools\MSVC\14.50.35717\include\string(23,1):
      参见“std”的声明

G:\project111\YiLingClient\solstice-master-solstice-master\include\libhat\include\libhat\Signature.hpp( 
96,26): error C2530: “word”: 必须初始化引用 [G:\project111\YiLingClient\solstice-master-solstice-master\build\
include\libhat\libhat.vcxproj]
  (编译源文件“../../../include/libhat/src/Scanner.cpp”)

G:\project111\YiLingClient\solstice-master-solstice-master\include\libhat\include\libhat\Signature.hpp( 
96,26): error C3531: “word”: 类型包含“auto”的符号必须具有初始值设定项 [G:\project111\YiLingClient\solstice-master-solsti
ce-master\build\include\libhat\libhat.vcxproj]
  (编译源文件“../../../include/libhat/src/Scanner.cpp”)

G:\project111\YiLingClient\solstice-master-solstice-master\include\libhat\include\libhat\Signature.hpp( 
96,31): error C2143: 语法错误: 缺少“;”(在“:”的前面) [G:\project111\YiLingClient\solstice-master-solstice-master\b
uild\include\libhat\libhat.vcxproj]
  (编译源文件“../../../include/libhat/src/Scanner.cpp”)

G:\project111\YiLingClient\solstice-master-solstice-master\include\libhat\include\libhat\Signature.hpp( 
96,44): error C2039: "views": 不是 "std" 的成员 [G:\project111\YiLingClient\solstice-master-solstice-master\
build\include\libhat\libhat.vcxproj]
  (编译源文件“../../../include/libhat/src/Scanner.cpp”)
      D:\vs\VC\Tools\MSVC\14.50.35717\include\string(23,1):
      参见“std”的声明

G:\project111\YiLingClient\solstice-master-solstice-master\include\libhat\include\libhat\Signature.hpp( 
96,51): error C3861: “split”: 找不到标识符 [G:\project111\YiLingClient\solstice-master-solstice-master\build\
include\libhat\libhat.vcxproj]
  (编译源文件“../../../include/libhat/src/Scanner.cpp”)

G:\project111\YiLingClient\solstice-master-solstice-master\include\libhat\include\libhat\Signature.hpp( 
96,33): error C2678: 二进制“|”: 没有找到接受“std::string_view”类型的左操作数的运算符(或没有可接受的转换) [G:\project111\YiLingClient
\solstice-master-solstice-master\build\include\libhat\libhat.vcxproj]
  (编译源文件“../../../include/libhat/src/Scanner.cpp”)
      D:\vs\VC\Tools\MSVC\14.50.35717\include\cstddef(48,39):
      可能是“std::byte std::operator |(const std::byte,const std::byte) noexcept”[通过使用参数相关的查找找到]
          G:\project111\YiLingClient\solstice-master-solstice-master\include\libhat\include\libhat\Sign 
  ature.hpp(96,33):
          “std::byte std::operator |(const std::byte,const std::byte) noexcept”: 无法将参数 1 从“std::string_
  view”转换为“const std::byte”
              G:\project111\YiLingClient\solstice-master-solstice-master\include\libhat\include\libhat\ 
  Signature.hpp(96,33):
              没有可用于执行该转换的用户定义的转换运算符，或者无法调用该运算符
      G:\project111\YiLingClient\solstice-master-solstice-master\include\libhat\include\libhat\Signatur 
  e.hpp(96,33):
      尝试匹配参数列表“(std::string_view, <错误>)”时

G:\project111\YiLingClient\solstice-master-solstice-master\include\libhat\include\libhat\Signature.hpp( 
96,61): error C2143: 语法错误: 缺少“;”(在“)”的前面) [G:\project111\YiLingClient\solstice-master-solstice-master\b
uild\include\libhat\libhat.vcxproj]
  (编译源文件“../../../include/libhat/src/Scanner.cpp”)

G:\project111\YiLingClient\solstice-master-solstice-master\include\libhat\include\libhat\Signature.hpp( 
100,23): error C2109: 下标要求数组或指针类型 [G:\project111\YiLingClient\solstice-master-solstice-master\build\inc
lude\libhat\libhat.vcxproj]
  (编译源文件“../../../include/libhat/src/Scanner.cpp”)

G:\project111\YiLingClient\solstice-master-solstice-master\include\libhat\include\libhat\Signature.hpp( 
123,27): error C2955: “hat::fixed_string”: 使用 类 模板 需要 模板 参数列表 [G:\project111\YiLingClient\solstice-mast
er-solstice-master\build\include\libhat\libhat.vcxproj]
  (编译源文件“../../../include/libhat/src/Scanner.cpp”)
      G:\project111\YiLingClient\solstice-master-solstice-master\include\libhat\include\libhat\FixedStr 
  ing.hpp(174,5):
      参见“hat::fixed_string”的声明

G:\project111\YiLingClient\solstice-master-solstice-master\include\libhat\include\libhat\Signature.hpp( 
123,27): error C7592: “hat::fixed_string”类型的非类型模板参数至少需要“/std:c++20” [G:\project111\YiLingClient\solstic
e-master-solstice-master\build\include\libhat\libhat.vcxproj]
  (编译源文件“../../../include/libhat/src/Scanner.cpp”)

G:\project111\YiLingClient\solstice-master-solstice-master\include\libhat\include\libhat\Signature.hpp( 
124,29): error C2144: 语法错误:“auto”的前面应有“;” [G:\project111\YiLingClient\solstice-master-solstice-master\b
uild\include\libhat\libhat.vcxproj]
  (编译源文件“../../../include/libhat/src/Scanner.cpp”)

G:\project111\YiLingClient\solstice-master-solstice-master\include\libhat\include\libhat\Signature.hpp( 
124,54): error C2447: “{”: 缺少函数标题(是否是老式的形式表?) [G:\project111\YiLingClient\solstice-master-solstice-mast
er\build\include\libhat\libhat.vcxproj]
  (编译源文件“../../../include/libhat/src/Scanner.cpp”)

G:\project111\YiLingClient\solstice-master-solstice-master\include\libhat\include\libhat\Signature.hpp( 
132,51): error C4430: 缺少类型说明符 - 假定为 int。注意: C++ 不支持默认 int [G:\project111\YiLingClient\solstice-master-s
olstice-master\build\include\libhat\libhat.vcxproj]
  (编译源文件“../../../include/libhat/src/Scanner.cpp”)

G:\project111\YiLingClient\solstice-master-solstice-master\include\libhat\include\libhat\Signature.hpp( 
132,72): error C2146: 语法错误: 缺少“)”(在标识符“signature”的前面) [G:\project111\YiLingClient\solstice-master-solst
ice-master\build\include\libhat\libhat.vcxproj]
  (编译源文件“../../../include/libhat/src/Scanner.cpp”)

G:\project111\YiLingClient\solstice-master-solstice-master\include\libhat\include\libhat\Signature.hpp( 
132,72): error C3646: “signature”: 未知重写说明符 [G:\project111\YiLingClient\solstice-master-solstice-master\
build\include\libhat\libhat.vcxproj]
  (编译源文件“../../../include/libhat/src/Scanner.cpp”)

G:\project111\YiLingClient\solstice-master-solstice-master\include\libhat\include\libhat\Signature.hpp( 
132,72): error C1003: 错误计数超过 100；正在停止编译 [G:\project111\YiLingClient\solstice-master-solstice-master\bui
ld\include\libhat\libhat.vcxproj]
  (编译源文件“../../../include/libhat/src/Scanner.cpp”)

  Building Custom Rule G:/project111/YiLingClient/solstice-master-solstice-master/deps/spdlog-1.9.2/CMa 
  keLists.txt
  spdlog.cpp
  stdout_sinks.cpp
  color_sinks.cpp
  file_sinks.cpp
  async.cpp
  cfg.cpp
  fmt.cpp
  spdlog.vcxproj -> G:\project111\YiLingClient\solstice-master-solstice-master\build\deps\spdlog-1.9.2\ 
  Release\spdlog.lib

构建失败，请检查错误信息
(TraeAI-4) G:\project111\YiLingClient\solstice-master-solstice-master [0:1] $